10:25:51.377  327  DEBUG fr.sparna.rdf.xls2rdf.app.Convert - Will use output format : text/turtle
10:25:51.380  330  DEBUG fr.sparna.rdf.xls2rdf.app.Convert - Will use ModelWriter : fr.sparna.rdf.xls2rdf.OutputStreamModelWriter
10:25:51.880  830  DEBUG f.s.rdf.xls2rdf.Xls2RdfConverter - Processing sheet: Sheet1
10:25:51.885  835  INFO  f.sparna.rdf.xls2rdf.RdfizableSheet - Found proper property in header : http://purl.org/neat/
10:25:51.886  836  INFO  f.sparna.rdf.xls2rdf.RdfizableSheet - Found proper property in header : http://purl.org/pav/
10:25:51.888  838  INFO  f.sparna.rdf.xls2rdf.RdfizableSheet - Found proper property in header : http://purl.org/dc/terms/
10:25:51.889  839  INFO  f.sparna.rdf.xls2rdf.RdfizableSheet - Found proper property in header : http://www.w3.org/1999/02/22-rdf-syntax-ns#
10:25:51.890  840  INFO  f.sparna.rdf.xls2rdf.RdfizableSheet - Found proper property in header : http://www.w3.org/2000/01/rdf-schema#
10:25:51.893  843  INFO  f.sparna.rdf.xls2rdf.RdfizableSheet - Found proper property in header : https://orcid.org/0000-0003-4124-9040
10:25:51.894  844  INFO  f.sparna.rdf.xls2rdf.RdfizableSheet - Found proper property in header : https://orcid.org/0000-0002-9381-9693
10:25:51.895  845  INFO  f.sparna.rdf.xls2rdf.RdfizableSheet - Found proper property in header : https://orcid.org/0000-0003-0732-4617
10:25:51.897  847  INFO  f.sparna.rdf.xls2rdf.RdfizableSheet - Found proper property in header : http://www.w3.org/2004/02/skos/core#prefLabel
10:25:51.898  848  INFO  f.sparna.rdf.xls2rdf.RdfizableSheet - Found proper property in header : http://www.w3.org/1999/02/22-rdf-syntax-ns#type
10:25:51.898  848  INFO  f.sparna.rdf.xls2rdf.RdfizableSheet - Found proper property in header : http://www.w3.org/2000/01/rdf-schema#label
10:25:51.899  849  INFO  f.sparna.rdf.xls2rdf.RdfizableSheet - Found proper property in header : http://www.w3.org/2004/02/skos/core#definition
10:25:51.900  850  INFO  f.sparna.rdf.xls2rdf.RdfizableSheet - Found proper property in header : http://www.w3.org/2004/02/skos/core#altLabel
10:25:51.901  851  INFO  f.sparna.rdf.xls2rdf.RdfizableSheet - Found proper property in header : http://www.w3.org/2004/02/skos/core#broader
10:25:51.901  851  INFO  f.sparna.rdf.xls2rdf.RdfizableSheet - Found proper property in header : http://purl.org/neat/IEVref
10:25:51.902  852  INFO  f.sparna.rdf.xls2rdf.RdfizableSheet - Found proper property in header : http://www.w3.org/2004/02/skos/core#exactMatch
10:25:51.902  852  INFO  f.sparna.rdf.xls2rdf.RdfizableSheet - Found proper property in header : http://purl.org/dc/terms/creator
10:25:51.902  852  INFO  f.sparna.rdf.xls2rdf.RdfizableSheet - Found at least 2 headers with proper property declaration in the first 10 columns, title row is at index 15
10:25:51.904  854  DEBUG f.s.rdf.xls2rdf.Xls2RdfConverter - Found title row at index 15
10:25:51.906  856  DEBUG f.s.rdf.xls2rdf.Xls2RdfConverter - Adding value on header object "NEAT" with lang en
10:25:51.908  858  DEBUG f.s.rdf.xls2rdf.Xls2RdfConverter - Adding value on header object "NEAT: wiNd Energy tAxonomy of Topics" with lang en
10:25:51.909  859  DEBUG f.s.rdf.xls2rdf.Xls2RdfConverter - Adding value on header object "A taxonomical organization of research topics in wind energy which follows a typical lifecycle of wind farm development." with lang en
10:25:51.910  860  DEBUG f.s.rdf.xls2rdf.Xls2RdfConverter - Adding value on header object "https://orcid.org/0000-0003-4124-9040" with lang en
10:25:51.910  860  DEBUG f.s.rdf.xls2rdf.Xls2RdfConverter - Adding value on header object "https://orcid.org/0000-0002-9381-9693" with lang en
10:25:51.911  861  DEBUG f.s.rdf.xls2rdf.Xls2RdfConverter - Adding value on header object "https://orcid.org/0000-0003-0732-4617" with lang en
10:25:51.911  861  DEBUG f.s.rdf.xls2rdf.Xls2RdfConverter - Adding value on header object "0.1" with lang en
10:25:51.912  862  DEBUG f.s.rdf.xls2rdf.Xls2RdfConverter - Adding value on header object "2020-12-01T00:00:00+01:00" with lang en
10:25:51.913  863  DEBUG f.s.rdf.xls2rdf.Xls2RdfConverter - Adding value on header object "2020-12-01T00:00:00+01:00" with lang en
10:25:51.913  863  DEBUG f.s.rdf.xls2rdf.Xls2RdfConverter - Converting data with these column headers: 
10:25:51.914  864  DEBUG f.s.rdf.xls2rdf.Xls2RdfConverter - ColumnHeader [originalValue=Identifier, language=Optional.empty, datatype=Optional.empty, property=null, declaredProperty=Identifier, inverse=false, parameters={}, id=null, reconcileOn=null, headerCell=Identifier]
10:25:51.914  864  DEBUG f.s.rdf.xls2rdf.Xls2RdfConverter - ColumnHeader [originalValue=skos:prefLabel, language=Optional.empty, datatype=Optional.empty, property=http://www.w3.org/2004/02/skos/core#prefLabel, declaredProperty=skos:prefLabel, inverse=false, parameters={}, id=null, reconcileOn=null, headerCell=skos:prefLabel]
10:25:51.914  864  DEBUG f.s.rdf.xls2rdf.Xls2RdfConverter - ColumnHeader [originalValue=rdf:type, language=Optional.empty, datatype=Optional.empty, property=http://www.w3.org/1999/02/22-rdf-syntax-ns#type, declaredProperty=rdf:type, inverse=false, parameters={}, id=null, reconcileOn=null, headerCell=rdf:type]
10:25:51.915  865  DEBUG f.s.rdf.xls2rdf.Xls2RdfConverter - ColumnHeader [originalValue=rdfs:label, language=Optional.empty, datatype=Optional.empty, property=http://www.w3.org/2000/01/rdf-schema#label, declaredProperty=rdfs:label, inverse=false, parameters={}, id=null, reconcileOn=null, headerCell=rdfs:label]
10:25:51.917  867  DEBUG f.s.rdf.xls2rdf.Xls2RdfConverter - ColumnHeader [originalValue=skos:definition@en, language=Optional[en], datatype=Optional.empty, property=http://www.w3.org/2004/02/skos/core#definition, declaredProperty=skos:definition, inverse=false, parameters={}, id=null, reconcileOn=null, headerCell=skos:definition@en]
10:25:51.917  867  DEBUG f.s.rdf.xls2rdf.Xls2RdfConverter - ColumnHeader [originalValue=skos:altLabel(separator=","), language=Optional.empty, datatype=Optional.empty, property=http://www.w3.org/2004/02/skos/core#altLabel, declaredProperty=skos:altLabel, inverse=false, parameters={separator=,}, id=null, reconcileOn=null, headerCell=skos:altLabel(separator=",")]
10:25:51.917  867  DEBUG f.s.rdf.xls2rdf.Xls2RdfConverter - ColumnHeader [originalValue=skos:broader(separator=","), language=Optional.empty, datatype=Optional.empty, property=http://www.w3.org/2004/02/skos/core#broader, declaredProperty=skos:broader, inverse=false, parameters={separator=,}, id=null, reconcileOn=null, headerCell=skos:broader(separator=",")]
10:25:51.918  868  DEBUG f.s.rdf.xls2rdf.Xls2RdfConverter - ColumnHeader [originalValue=neat:IEVref, language=Optional.empty, datatype=Optional.empty, property=http://purl.org/neat/IEVref, declaredProperty=neat:IEVref, inverse=false, parameters={}, id=null, reconcileOn=null, headerCell=neat:IEVref]
10:25:51.918  868  DEBUG f.s.rdf.xls2rdf.Xls2RdfConverter - ColumnHeader [originalValue=skos:exactMatch(separator=","), language=Optional.empty, datatype=Optional.empty, property=http://www.w3.org/2004/02/skos/core#exactMatch, declaredProperty=skos:exactMatch, inverse=false, parameters={separator=,}, id=null, reconcileOn=null, headerCell=skos:exactMatch(separator=",")]
10:25:51.918  868  DEBUG f.s.rdf.xls2rdf.Xls2RdfConverter - ColumnHeader [originalValue=dct:creator(separator=","), language=Optional.empty, datatype=Optional.empty, property=http://purl.org/dc/terms/creator, declaredProperty=dct:creator, inverse=false, parameters={separator=,}, id=null, reconcileOn=null, headerCell=dct:creator(separator=",")]
10:25:51.918  868  DEBUG f.s.rdf.xls2rdf.Xls2RdfConverter - ColumnHeader [originalValue=dct:contributor(separator=","), language=Optional.empty, datatype=Optional.empty, property=http://purl.org/dc/terms/contributor, declaredProperty=dct:contributor, inverse=false, parameters={separator=,}, id=null, reconcileOn=null, headerCell=dct:contributor(separator=",")]
10:25:51.918  868  DEBUG f.s.rdf.xls2rdf.Xls2RdfConverter - ColumnHeader [originalValue=skos:editorialNote@en, language=Optional[en], datatype=Optional.empty, property=http://www.w3.org/2004/02/skos/core#editorialNote, declaredProperty=skos:editorialNote, inverse=false, parameters={}, id=null, reconcileOn=null, headerCell=skos:editorialNote@en]
10:25:51.918  868  DEBUG f.s.rdf.xls2rdf.Xls2RdfConverter - ColumnHeader [originalValue=skos:note@en, language=Optional[en], datatype=Optional.empty, property=http://www.w3.org/2004/02/skos/core#note, declaredProperty=skos:note, inverse=false, parameters={}, id=null, reconcileOn=null, headerCell=skos:note@en]
10:25:51.918  868  INFO  f.s.rdf.xls2rdf.Xls2RdfConverter - Converting rows...
10:25:51.977  927  INFO  f.s.rdf.xls2rdf.Xls2RdfConverter - Applying SKOS post-processings on the result
10:25:51.977  927  DEBUG f.s.rdf.xls2rdf.SkosPostProcessor - Postprocessing : SkosPostProcessor
10:25:51.978  928  DEBUG f.s.rdf.xls2rdf.SkosPostProcessor - Considering main resource like a ConceptScheme.
10:25:51.980  930  DEBUG f.s.rdf.xls2rdf.SkosPostProcessor - Adding inverse skos:broader and skos:narrower
10:25:51.983  933  DEBUG f.s.rdf.xls2rdf.SkosPostProcessor - Adding skos:inScheme
10:25:51.985  935  DEBUG f.s.rdf.xls2rdf.SkosPostProcessor - Setting rdf:type skos:ConceptScheme to main resource
10:25:51.985  935  DEBUG f.s.rdf.xls2rdf.SkosPostProcessor - Adding skos:hasTopConcept / skos:topConceptOf
10:25:51.987  937  DEBUG f.s.rdf.xls2rdf.Xls2RdfConverter - Saving graph of 577 statements generated from Sheet Sheet1
